<?xml version="1.0" encoding="UTF-8"?>
<!-- Generated by org.testng.reporters.JUnitXMLReporter -->
<testsuite ignored="0" hostname="DESKTOP-8VVGM8J" failures="0" tests="3" name="Default test" time="0.645" errors="0" timestamp="2023-09-30T10:41:41 IST">
  <testcase classname="Selenium.StoredFunctionsTestingDB" name="test_storedFunctionExists" time="0.042"/>
  <testcase classname="Selenium.StoredFunctionsTestingDB" name="test_CustomerLevel_with_Sql" time="0.015"/>
  <testcase classname="Selenium.StoredFunctionsTestingDB" name="test_CustomerLevel_with_StoredProcedure" time="0.107"/>
</testsuite> <!-- Default test -->
